<?xml version="1.0" encoding="UTF-8"?>
<!-- Generated by org.testng.reporters.JUnitReportReporter -->
<testsuite hostname="pcworld-PC" failures="0" tests="1" name="verificationTestNG.softAssertMethods" time="0.031" errors="0" timestamp="2022-06-27T16:26:17 IST" skipped="0">
  <testcase classname="verificationTestNG.softAssertMethods" name="missionMethod" time="0.031"/>
  <system-out/>
</testsuite> <!-- verificationTestNG.softAssertMethods -->
