<?xml version="1.0" encoding="UTF-8"?>
<!-- Generated by org.testng.reporters.JUnitReportReporter -->
<testsuite hostname="pcworld-PC" failures="0" tests="2" name="TestNGStudy.KeywordInvocationCount" time="0.025" errors="0" timestamp="2022-06-23T13:02:59 IST" skipped="0">
  <testcase classname="TestNGStudy.KeywordInvocationCount" name="a" time="0.011"/>
  <system-out>
    <![CDATA[a method is running]]>
  </system-out>
  <testcase classname="TestNGStudy.KeywordInvocationCount" name="a" time="0.014"/>
  <system-out>
    <![CDATA[a method is running]]>
  </system-out>
</testsuite> <!-- TestNGStudy.KeywordInvocationCount -->
