<?xml version="1.0" encoding="UTF-8"?>
<!-- Generated by org.testng.reporters.JUnitReportReporter -->
<testsuite hostname="pcworld-PC" failures="0" tests="2" name="testNGIncludeExclude.TestClass2" time="0.004" errors="0" timestamp="2022-06-28T12:54:04 IST" skipped="0">
  <testcase classname="testNGIncludeExclude.TestClass2" name="y" time="0.002"/>
  <system-out>
    <![CDATA[y is running]]>
  </system-out>
  <testcase classname="testNGIncludeExclude.TestClass2" name="x" time="0.002"/>
  <system-out>
    <![CDATA[x is running]]>
  </system-out>
</testsuite> <!-- testNGIncludeExclude.TestClass2 -->
