<?xml version="1.0" encoding="UTF-8"?>
<!-- Generated by org.testng.reporters.JUnitReportReporter -->
<testsuite hostname="pcworld-PC" failures="0" tests="2" name="TestNGStudy.NewTest" time="20.812" errors="0" timestamp="2022-06-28T11:31:01 IST" skipped="0">
  <testcase classname="TestNGStudy.NewTest" name="myClass2" time="12.546"/>
  <system-out/>
  <testcase classname="TestNGStudy.NewTest" name="myClass" time="8.266"/>
  <system-out>
    <![CDATA[Hi this is reporter output
Hi this is Reporter output]]>
  </system-out>
</testsuite> <!-- TestNGStudy.NewTest -->
