<?xml version="1.0" encoding="UTF-8"?>
<!-- Generated by org.testng.reporters.JUnitReportReporter -->
<testsuite hostname="pcworld-PC" failures="0" tests="3" name="testNGGrouping.test1" time="0.026" errors="0" timestamp="2022-06-28T14:52:02 IST" skipped="0">
  <testcase classname="testNGGrouping.test1" name="r" time="0.005"/>
  <system-out>
    <![CDATA[r is running]]>
  </system-out>
  <testcase classname="testNGGrouping.test1" name="q" time="0.003"/>
  <system-out>
    <![CDATA[q is running]]>
  </system-out>
  <testcase classname="testNGGrouping.test1" name="p" time="0.018"/>
  <system-out>
    <![CDATA[p is running]]>
  </system-out>
</testsuite> <!-- testNGGrouping.test1 -->
