<?xml version="1.0" encoding="UTF-8"?>
<!-- Generated by org.testng.reporters.JUnitReportReporter -->
<testsuite hostname="pcworld-PC" failures="0" tests="1" name="testNgTestKite.ValidateKiteUserId" time="5.619" errors="0" timestamp="2022-07-02T11:10:03 IST" skipped="0">
  <testcase classname="testNgTestKite.ValidateKiteUserId" name="validateUserID" time="5.619"/>
  <system-out/>
</testsuite> <!-- testNgTestKite.ValidateKiteUserId -->
