<?xml version="1.0" encoding="UTF-8"?>
<!-- Generated by org.testng.reporters.JUnitReportReporter -->
<testsuite hostname="pcworld-PC" failures="0" tests="1" name="testNGPractice.testNgForFacebook" time="16.823" errors="0" timestamp="2022-07-07T15:46:10 IST" skipped="0">
  <testcase classname="testNGPractice.testNgForFacebook" name="f" time="16.823"/>
  <system-out/>
</testsuite> <!-- testNGPractice.testNgForFacebook -->
