<?xml version="1.0" encoding="UTF-8"?>
<!-- Generated by org.testng.reporters.JUnitReportReporter -->
<testsuite hostname="pcworld-PC" failures="0" tests="1" name="serialAndParallelExecution.MyClass2" time="29.440" errors="0" timestamp="2022-06-25T22:15:41 IST" skipped="0">
  <testcase classname="serialAndParallelExecution.MyClass2" name="mymethod1" time="29.440"/>
  <system-out/>
</testsuite> <!-- serialAndParallelExecution.MyClass2 -->
