<?xml version="1.0" encoding="UTF-8"?>
<!-- Generated by org.testng.reporters.JUnitReportReporter -->
<testsuite hostname="pcworld-PC" failures="0" tests="1" name="TestNGStudy.AnnotationStudy" time="0.019" errors="0" timestamp="2022-06-28T11:57:15 IST" skipped="0">
  <testcase classname="TestNGStudy.AnnotationStudy" name="validateUserName" time="0.019"/>
  <system-out>
    <![CDATA[User name validate]]>
  </system-out>
</testsuite> <!-- TestNGStudy.AnnotationStudy -->
