<?xml version="1.0" encoding="UTF-8"?>
<!-- Generated by org.testng.reporters.JUnitReportReporter -->
<testsuite hostname="pcworld-PC" failures="0" tests="1" name="testNgCrossBrowser.FireFox" time="76.807" errors="0" timestamp="2022-06-29T23:32:21 IST" skipped="0">
  <testcase classname="testNgCrossBrowser.FireFox" name="testing" time="76.807"/>
  <system-out/>
</testsuite> <!-- testNgCrossBrowser.FireFox -->
