<?xml version="1.0" encoding="UTF-8"?>
<!-- Generated by org.testng.reporters.JUnitReportReporter -->
<testsuite hostname="pcworld-PC" failures="0" tests="2" name="testNGIncludeExclude.TestClass1" time="0.018" errors="0" timestamp="2022-06-28T14:23:50 IST" skipped="0">
  <testcase classname="testNGIncludeExclude.TestClass1" name="r" time="0.002"/>
  <system-out>
    <![CDATA[r is running]]>
  </system-out>
  <testcase classname="testNGIncludeExclude.TestClass1" name="p" time="0.016"/>
  <system-out>
    <![CDATA[p is running]]>
  </system-out>
</testsuite> <!-- testNGIncludeExclude.TestClass1 -->
