<?xml version="1.0" encoding="UTF-8"?>
<!-- Generated by org.testng.reporters.JUnitReportReporter -->
<testsuite hostname="pcworld-PC" failures="0" tests="1" name="testNGPractice.Testing" time="57.187" errors="0" timestamp="2022-07-07T14:55:33 IST" skipped="0">
  <testcase classname="testNGPractice.Testing" name="loginPage" time="57.187"/>
  <system-out>
    <![CDATA[Email id is yograj211@gmail.com
Password is Darkbyte@0727]]>
  </system-out>
</testsuite> <!-- testNGPractice.Testing -->
