<?xml version="1.0" encoding="UTF-8"?>
<!-- Generated by org.testng.reporters.JUnitReportReporter -->
<testsuite hostname="pcworld-PC" failures="0" tests="3" name="TestNGStudy.PriorityUse" time="0.022" errors="0" timestamp="2022-06-28T12:00:51 IST" skipped="0">
  <testcase classname="TestNGStudy.PriorityUse" name="c" time="0.002"/>
  <system-out>
    <![CDATA[Method c is running]]>
  </system-out>
  <testcase classname="TestNGStudy.PriorityUse" name="b" time="0.018"/>
  <system-out>
    <![CDATA[Method b is running]]>
  </system-out>
  <testcase classname="TestNGStudy.PriorityUse" name="a" time="0.002"/>
  <system-out>
    <![CDATA[Method a is running]]>
  </system-out>
</testsuite> <!-- TestNGStudy.PriorityUse -->
