<?xml version="1.0" encoding="UTF-8"?>
<!-- Generated by org.testng.reporters.JUnitReportReporter -->
<testsuite hostname="pcworld-PC" failures="0" tests="1" name="testNgKiteTestNew.validatingKiteUserIDUsingPropertyFile" time="6.977" errors="0" timestamp="2022-07-12T13:36:35 IST" skipped="0">
  <testcase classname="testNgKiteTestNew.validatingKiteUserIDUsingPropertyFile" name="validateuserID" time="6.977"/>
  <system-out/>
</testsuite> <!-- testNgKiteTestNew.validatingKiteUserIDUsingPropertyFile -->
