<?xml version="1.0" encoding="UTF-8"?>
<!-- Generated by org.testng.reporters.JUnitReportReporter -->
<testsuite hostname="pcworld-PC" failures="0" tests="3" name="TestNGStudy.dependsOnMethod" time="0.024" errors="0" timestamp="2022-06-28T12:01:34 IST" skipped="0">
  <testcase classname="TestNGStudy.dependsOnMethod" name="a" time="0.019"/>
  <system-out>
    <![CDATA[TC a is running]]>
  </system-out>
  <testcase classname="TestNGStudy.dependsOnMethod" name="d" time="0.003"/>
  <system-out>
    <![CDATA[TC d is Running]]>
  </system-out>
  <testcase classname="TestNGStudy.dependsOnMethod" name="g" time="0.002"/>
  <system-out>
    <![CDATA[TC g is running]]>
  </system-out>
</testsuite> <!-- TestNGStudy.dependsOnMethod -->
