<?xml version="1.0" encoding="UTF-8"?>
<!-- Generated by org.testng.reporters.JUnitReportReporter -->
<testsuite hostname="pcworld-PC" failures="0" tests="1" name="testNgWithKitePOM.ValidateKiteUserName" time="4.906" errors="0" timestamp="2022-07-01T14:53:36 IST" skipped="0">
  <testcase classname="testNgWithKitePOM.ValidateKiteUserName" name="validateUserName" time="4.906"/>
  <system-out>
    <![CDATA[Validating userName
TC is Passed expected and actual values are matching]]>
  </system-out>
</testsuite> <!-- testNgWithKitePOM.ValidateKiteUserName -->
