<?xml version="1.0" encoding="UTF-8"?>
<!-- Generated by org.testng.reporters.JUnitReportReporter -->
<testsuite hostname="pcworld-PC" failures="0" tests="1" name="testNGStudy.NormalClass" time="14.129" errors="0" timestamp="2022-06-21T23:01:26 IST" skipped="0">
  <testcase classname="testNGStudy.NormalClass" name="Example1TestNG" time="14.129"/>
  <system-out>
    <![CDATA[Hi this is reporter output
Hi this is reporter output]]>
  </system-out>
</testsuite> <!-- testNGStudy.NormalClass -->
